<?xml version="1.0" encoding="UTF-8"?>
<testsuite xmlns:xsi="http://www.w3.org/2001/XMLSchema-instance" xsi:noNamespaceSchemaLocation="https://maven.apache.org/surefire/maven-surefire-plugin/xsd/surefire-test-report-3.0.xsd" version="3.0" name="com.mycompany.mychatapp.MessageTest" time="0.523" tests="14" errors="0" skipped="0" failures="0">
  <properties>
[...]
</properties>
  <testcase name="testCheckMessageID_generatedID_isExactly10Chars" classname="com.mycompany.mychatapp.MessageTest" time="0.155"/>
  <testcase name="testCheckRecipientCell_validNumber_returnsSuccess" classname="com.mycompany.mychatapp.MessageTest" time="0.013"/>
  <testcase name="testSentMessage_userSelectSend_returnsCorrectString" classname="com.mycompany.mychatapp.MessageTest" time="0.011"/>
  <testcase name="testCheckMessageLength_validMessage_returnsSuccess" classname="com.mycompany.mychatapp.MessageTest" time="0.009"/>
  <testcase name="tesChecktMessageLength_over250chars_returnsFailureWithCount" classname="com.mycompany.mychatapp.MessageTest" time="0.018"/>
  <testcase name="testCheckRecipientCell_invalidNumber_returnsFailure" classname="com.mycompany.mychatapp.MessageTest" time="0.009"/>
  <testcase name="testCheckMessageLength_exactlyAtLImit_returnSuccess" classname="com.mycompany.mychatapp.MessageTest" time="0.011"/>
  <testcase name="testCreateMessageHash_isUppercase" classname="com.mycompany.mychatapp.MessageTest" time="0.007"/>
  <testcase name="testSentMessage_userSelectsDisregard_returnsCorrectString" classname="com.mycompany.mychatapp.MessageTest" time="0.013"/>
  <testcase name="testCheckMessageID_generatedID_isNotNull" classname="com.mycompany.mychatapp.MessageTest" time="0.008"/>
  <testcase name="testCreateMessageHash_mutipleMessages_loopTest" classname="com.mycompany.mychatapp.MessageTest" time="0.009"/>
  <testcase name="testSentMessage_userSelectsStore_returnsCorrectString" classname="com.mycompany.mychatapp.MessageTest" time="0.005"/>
  <testcase name="testCheckMessageLength_oneOver_returnsFailureWithCountOf1" classname="com.mycompany.mychatapp.MessageTest" time="0.006"/>
  <testcase name="testCreateMesageHash_correctFormat_endsWithExpectedWords" classname="com.mycompany.mychatapp.MessageTest" time="0.005"/>
</testsuite>